#
# There is insufficient memory for the Java Runtime Environment to continue.
# Native memory allocation (malloc) failed to allocate 32744 bytes for ChunkPool::allocate
# Possible reasons:
#   The system is out of physical RAM or swap space
#   The process is running with CompressedOops enabled, and the Java Heap may be blocking the growth of the native heap
# Possible solutions:
#   Reduce memory load on the system
#   Increase physical memory or swap space
#   Check if swap backing store is full
#   Decrease Java heap size (-Xmx/-Xms)
#   Decrease number of Java threads
#   Decrease Java thread stack sizes (-Xss)
#   Set larger code cache with -XX:ReservedCodeCacheSize=
#   JVM is running with Unscaled Compressed Oops mode in which the Java heap is
#     placed in the first 4GB address space. The Java Heap base address is the
#     maximum limit for the native heap growth. Please use -XX:HeapBaseMinAddress
#     to set the Java Heap base and to place the Java Heap above 4GB virtual address.
# This output file may be truncated or incomplete.
#
#  Out of Memory Error (allocation.cpp:272), pid=17908, tid=0x00000000000040fc
#
# JRE version: OpenJDK Runtime Environment (8.0_212-b04) (build 1.8.0_212-release-1586-b04)
# Java VM: OpenJDK 64-Bit Server VM (25.212-b04 mixed mode windows-amd64 compressed oops)
# Failed to write core dump. Minidumps are not enabled by default on client versions of Windows
#

---------------  T H R E A D  ---------------

Current thread (0x00000000166bd000):  JavaThread "C2 CompilerThread1" daemon [_thread_in_native, id=16636, stack(0x0000000017e10000,0x0000000017f10000)]

Stack: [0x0000000017e10000,0x0000000017f10000]
[error occurred during error reporting (printing stack bounds), id 0xc0000005]

Native frames: (J=compiled Java code, j=interpreted, Vv=VM code, C=native code)


Current CompileTask:
C2:  11496 2431   !   4       java.net.URLClassLoader$1::run (63 bytes)


---------------  P R O C E S S  ---------------

Java Threads: ( => current thread )
  0x00000000193cc800 JavaThread "Cache worker for execution history cache (C:\Users\krist\.gradle\caches\5.6.4\executionHistory)" [_thread_blocked, id=11852, stack(0x00000000207e0000,0x00000000208e0000)]
  0x00000000193c9800 JavaThread "Cache worker for cache directory md-rule (C:\Users\krist\.gradle\caches\5.6.4\md-rule)" [_thread_blocked, id=15296, stack(0x000000001e8d0000,0x000000001e9d0000)]
  0x00000000193cb800 JavaThread "Cache worker for cache directory md-supplier (C:\Users\krist\.gradle\caches\5.6.4\md-supplier)" [_thread_blocked, id=16612, stack(0x000000001ec30000,0x000000001ed30000)]
  0x0000000018fcd000 JavaThread "Cache worker for file hash cache (C:\Indecisive_Eater\.gradle\5.6.4\fileHashes)" [_thread_blocked, id=11508, stack(0x000000001e5d0000,0x000000001e6d0000)]
  0x0000000018fc8800 JavaThread "Cache worker for journal cache (C:\Users\krist\.gradle\caches\journal-1)" [_thread_blocked, id=13656, stack(0x000000001c430000,0x000000001c530000)]
  0x0000000018fcb000 JavaThread "File lock request listener" [_thread_in_native, id=19312, stack(0x000000001c330000,0x000000001c430000)]
  0x0000000018fc9800 JavaThread "Cache worker for file hash cache (C:\Users\krist\.gradle\caches\5.6.4\fileHashes)" [_thread_blocked, id=14400, stack(0x000000001c030000,0x000000001c130000)]
  0x0000000019f52000 JavaThread "Thread-9" [_thread_blocked, id=5696, stack(0x000000001bf30000,0x000000001c030000)]
  0x0000000019f41800 JavaThread "Stdin handler" [_thread_blocked, id=9072, stack(0x000000001be30000,0x000000001bf30000)]
  0x0000000019f56000 JavaThread "Asynchronous log dispatcher for DefaultDaemonConnection: socket connection from /127.0.0.1:49188 to /127.0.0.1:49189" [_thread_blocked, id=3376, stack(0x000000001bd30000,0x000000001be30000)]
  0x000000001a009800 JavaThread "Daemon worker" [_thread_blocked, id=8308, stack(0x000000001bc30000,0x000000001bd30000)]
  0x000000001a005800 JavaThread "Cancel handler" [_thread_blocked, id=11132, stack(0x000000001bb30000,0x000000001bc30000)]
  0x0000000019fee000 JavaThread "Handler for socket connection from /127.0.0.1:49188 to /127.0.0.1:49189" [_thread_in_native, id=13340, stack(0x000000001b830000,0x000000001b930000)]
  0x0000000019fe9000 JavaThread "Daemon" [_thread_blocked, id=13960, stack(0x000000001b730000,0x000000001b830000)]
  0x0000000019fe8000 JavaThread "Daemon periodic checks" [_thread_blocked, id=12456, stack(0x000000001b630000,0x000000001b730000)]
  0x0000000019fa5000 JavaThread "Incoming local TCP Connector on port 49188" [_thread_in_native, id=1472, stack(0x000000001b3f0000,0x000000001b4f0000)]
  0x00000000180e4000 JavaThread "Daemon health stats" [_thread_blocked, id=16564, stack(0x000000001adb0000,0x000000001aeb0000)]
  0x0000000018038800 JavaThread "Service Thread" daemon [_thread_blocked, id=5332, stack(0x0000000018410000,0x0000000018510000)]
  0x00000000166c9000 JavaThread "C1 CompilerThread2" daemon [_thread_blocked, id=12524, stack(0x0000000017f10000,0x0000000018010000)]
=>0x00000000166bd000 JavaThread "C2 CompilerThread1" daemon [_thread_in_native, id=16636, stack(0x0000000017e10000,0x0000000017f10000)]
  0x00000000166c8800 JavaThread "C2 CompilerThread0" daemon [_thread_in_native, id=11664, stack(0x0000000017d10000,0x0000000017e10000)]
  0x00000000166c7000 JavaThread "Attach Listener" daemon [_thread_blocked, id=5772, stack(0x0000000017c10000,0x0000000017d10000)]
  0x00000000166c6000 JavaThread "Signal Dispatcher" daemon [_thread_blocked, id=15504, stack(0x0000000017b10000,0x0000000017c10000)]
  0x0000000002d4c800 JavaThread "Finalizer" daemon [_thread_blocked, id=16884, stack(0x0000000017910000,0x0000000017a10000)]
  0x00000000166a9000 JavaThread "Reference Handler" daemon [_thread_blocked, id=1676, stack(0x0000000017810000,0x0000000017910000)]
  0x000000000112e000 JavaThread "main" [_thread_blocked, id=10968, stack(0x0000000002a60000,0x0000000002b60000)]

Other Threads:
  0x0000000016686800 VMThread [stack: 0x0000000017710000,0x0000000017810000] [id=18332]
  0x000000001671e000 WatcherThread [stack: 0x0000000018510000,0x0000000018610000] [id=10368]

VM state:at safepoint (normal execution)

VM Mutex/Monitor currently owned by a thread:  ([mutex/lock_event])
[0x000000000112ca30] Threads_lock - owner thread: 0x0000000016686800
[0x000000000112d0b0] Heap_lock - owner thread: 0x000000001a009800

heap address: 0x00000000a0000000, size: 1536 MB, Compressed Oops mode: 32-bit
Narrow klass base: 0x0000000000000000, Narrow klass shift: 3
Compressed class space size: 1073741824 Address: 0x0000000100000000

Heap:
 PSYoungGen      total 77312K, used 74139K [0x00000000e0000000, 0x00000000e5700000, 0x0000000100000000)
  eden space 66048K, 100% used [0x00000000e0000000,0x00000000e4080000,0x00000000e4080000)
  from space 11264K, 71% used [0x00000000e4080000,0x00000000e4866c40,0x00000000e4b80000)
  to   space 10752K, 45% used [0x00000000e4b80000,0x00000000e5044010,0x00000000e5600000)
 ParOldGen       total 60416K, used 9504K [0x00000000a0000000, 0x00000000a3b00000, 0x00000000e0000000)
  object space 60416K, 15% used [0x00000000a0000000,0x00000000a09480c8,0x00000000a3b00000)
 Metaspace       used 32179K, capacity 32740K, committed 33152K, reserved 1077248K
  class space    used 4414K, capacity 4619K, committed 4736K, reserved 1048576K

Card table byte_map: [0x0000000012110000,0x0000000012420000] byte_map_base: 0x0000000011c10000

Marking Bits: (ParMarkBitMap*) 0x0000000055119f30
 Begin Bits: [0x0000000012a20000, 0x0000000014220000)
 End Bits:   [0x0000000014220000, 0x0000000015a20000)

Polling page: 0x0000000001130000

CodeCache: size=245760Kb used=8976Kb max_used=8976Kb free=236783Kb
 bounds [0x0000000002d50000, 0x0000000003630000, 0x0000000011d50000]
 total_blobs=2998 nmethods=2316 adapters=595
 compilation: enabled

Compilation events (10 events):
Event: 11.352 Thread 0x00000000166c9000 2492       3       org.objectweb.asm.FieldWriter::computeFieldInfoSize (86 bytes)
Event: 11.353 Thread 0x00000000166c9000 nmethod 2492 0x0000000003066950 code [0x0000000003066b00, 0x0000000003067018]
Event: 11.353 Thread 0x00000000166c9000 2493       3       org.objectweb.asm.FieldWriter::putFieldInfo (269 bytes)
Event: 11.354 Thread 0x00000000166c9000 nmethod 2493 0x0000000003065510 code [0x0000000003065760, 0x0000000003066448]
Event: 11.390 Thread 0x00000000166c9000 2494   !   3       sun.reflect.annotation.AnnotationParser::parseAnnotation2 (284 bytes)
Event: 11.394 Thread 0x00000000166c9000 nmethod 2494 0x0000000002f3d4d0 code [0x0000000002f3d880, 0x0000000002f3f5b8]
Event: 11.401 Thread 0x00000000166c9000 2495       3       java.lang.StringBuilder::getChars (10 bytes)
Event: 11.401 Thread 0x00000000166c9000 nmethod 2495 0x0000000002fe3f50 code [0x0000000002fe40c0, 0x0000000002fe4248]
Event: 11.405 Thread 0x00000000166c9000 2497       3       org.objectweb.asm.Frame::putAbstractType (379 bytes)
Event: 11.413 Thread 0x00000000166c9000 nmethod 2497 0x000000000361fe50 code [0x0000000003620500, 0x0000000003624d48]

GC Heap History (10 events):
Event: 5.909 GC heap after
Heap after GC invocations=4 (full 0):
 PSYoungGen      total 38400K, used 5104K [0x00000000e0000000, 0x00000000e4b00000, 0x0000000100000000)
  eden space 33280K, 0% used [0x00000000e0000000,0x00000000e0000000,0x00000000e2080000)
  from space 5120K, 99% used [0x00000000e2580000,0x00000000e2a7c030,0x00000000e2a80000)
  to   space 5120K, 0% used [0x00000000e2080000,0x00000000e2080000,0x00000000e2580000)
 ParOldGen       total 87552K, used 3849K [0x00000000a0000000, 0x00000000a5580000, 0x00000000e0000000)
  object space 87552K, 4% used [0x00000000a0000000,0x00000000a03c2468,0x00000000a5580000)
 Metaspace       used 14694K, capacity 15062K, committed 15360K, reserved 1062912K
  class space    used 2060K, capacity 2193K, committed 2304K, reserved 1048576K
}
Event: 7.179 GC heap before
{Heap before GC invocations=5 (full 0):
 PSYoungGen      total 38400K, used 38384K [0x00000000e0000000, 0x00000000e4b00000, 0x0000000100000000)
  eden space 33280K, 100% used [0x00000000e0000000,0x00000000e2080000,0x00000000e2080000)
  from space 5120K, 99% used [0x00000000e2580000,0x00000000e2a7c030,0x00000000e2a80000)
  to   space 5120K, 0% used [0x00000000e2080000,0x00000000e2080000,0x00000000e2580000)
 ParOldGen       total 87552K, used 3849K [0x00000000a0000000, 0x00000000a5580000, 0x00000000e0000000)
  object space 87552K, 4% used [0x00000000a0000000,0x00000000a03c2468,0x00000000a5580000)
 Metaspace       used 17761K, capacity 18144K, committed 18432K, reserved 1064960K
  class space    used 2546K, capacity 2692K, committed 2816K, reserved 1048576K
Event: 7.193 GC heap after
Heap after GC invocations=5 (full 0):
 PSYoungGen      total 38400K, used 5088K [0x00000000e0000000, 0x00000000e5600000, 0x0000000100000000)
  eden space 33280K, 0% used [0x00000000e0000000,0x00000000e0000000,0x00000000e2080000)
  from space 5120K, 99% used [0x00000000e2080000,0x00000000e2578020,0x00000000e2580000)
  to   space 10752K, 0% used [0x00000000e4b80000,0x00000000e4b80000,0x00000000e5600000)
 ParOldGen       total 87552K, used 7499K [0x00000000a0000000, 0x00000000a5580000, 0x00000000e0000000)
  object space 87552K, 8% used [0x00000000a0000000,0x00000000a0752d30,0x00000000a5580000)
 Metaspace       used 17761K, capacity 18144K, committed 18432K, reserved 1064960K
  class space    used 2546K, capacity 2692K, committed 2816K, reserved 1048576K
}
Event: 7.996 GC heap before
{Heap before GC invocations=6 (full 0):
 PSYoungGen      total 38400K, used 32555K [0x00000000e0000000, 0x00000000e5600000, 0x0000000100000000)
  eden space 33280K, 82% used [0x00000000e0000000,0x00000000e1ad2ed0,0x00000000e2080000)
  from space 5120K, 99% used [0x00000000e2080000,0x00000000e2578020,0x00000000e2580000)
  to   space 10752K, 0% used [0x00000000e4b80000,0x00000000e4b80000,0x00000000e5600000)
 ParOldGen       total 87552K, used 7499K [0x00000000a0000000, 0x00000000a5580000, 0x00000000e0000000)
  object space 87552K, 8% used [0x00000000a0000000,0x00000000a0752d30,0x00000000a5580000)
 Metaspace       used 20700K, capacity 21186K, committed 21296K, reserved 1067008K
  class space    used 2982K, capacity 3161K, committed 3200K, reserved 1048576K
Event: 8.014 GC heap after
Heap after GC invocations=6 (full 0):
 PSYoungGen      total 76800K, used 8717K [0x00000000e0000000, 0x00000000e5700000, 0x0000000100000000)
  eden space 66048K, 0% used [0x00000000e0000000,0x00000000e0000000,0x00000000e4080000)
  from space 10752K, 81% used [0x00000000e4b80000,0x00000000e5403630,0x00000000e5600000)
  to   space 11264K, 0% used [0x00000000e4080000,0x00000000e4080000,0x00000000e4b80000)
 ParOldGen       total 87552K, used 7507K [0x00000000a0000000, 0x00000000a5580000, 0x00000000e0000000)
  object space 87552K, 8% used [0x00000000a0000000,0x00000000a0754d30,0x00000000a5580000)
 Metaspace       used 20700K, capacity 21186K, committed 21296K, reserved 1067008K
  class space    used 2982K, capacity 3161K, committed 3200K, reserved 1048576K
}
Event: 8.014 GC heap before
{Heap before GC invocations=7 (full 1):
 PSYoungGen      total 76800K, used 8717K [0x00000000e0000000, 0x00000000e5700000, 0x0000000100000000)
  eden space 66048K, 0% used [0x00000000e0000000,0x00000000e0000000,0x00000000e4080000)
  from space 10752K, 81% used [0x00000000e4b80000,0x00000000e5403630,0x00000000e5600000)
  to   space 11264K, 0% used [0x00000000e4080000,0x00000000e4080000,0x00000000e4b80000)
 ParOldGen       total 87552K, used 7507K [0x00000000a0000000, 0x00000000a5580000, 0x00000000e0000000)
  object space 87552K, 8% used [0x00000000a0000000,0x00000000a0754d30,0x00000000a5580000)
 Metaspace       used 20700K, capacity 21186K, committed 21296K, reserved 1067008K
  class space    used 2982K, capacity 3161K, committed 3200K, reserved 1048576K
Event: 8.082 GC heap after
Heap after GC invocations=7 (full 1):
 PSYoungGen      total 76800K, used 0K [0x00000000e0000000, 0x00000000e5700000, 0x0000000100000000)
  eden space 66048K, 0% used [0x00000000e0000000,0x00000000e0000000,0x00000000e4080000)
  from space 10752K, 0% used [0x00000000e4b80000,0x00000000e4b80000,0x00000000e5600000)
  to   space 11264K, 0% used [0x00000000e4080000,0x00000000e4080000,0x00000000e4b80000)
 ParOldGen       total 60416K, used 9488K [0x00000000a0000000, 0x00000000a3b00000, 0x00000000e0000000)
  object space 60416K, 15% used [0x00000000a0000000,0x00000000a09440c8,0x00000000a3b00000)
 Metaspace       used 20700K, capacity 21186K, committed 21296K, reserved 1067008K
  class space    used 2982K, capacity 3161K, committed 3200K, reserved 1048576K
}
Event: 9.881 GC heap before
{Heap before GC invocations=8 (full 1):
 PSYoungGen      total 76800K, used 66048K [0x00000000e0000000, 0x00000000e5700000, 0x0000000100000000)
  eden space 66048K, 100% used [0x00000000e0000000,0x00000000e4080000,0x00000000e4080000)
  from space 10752K, 0% used [0x00000000e4b80000,0x00000000e4b80000,0x00000000e5600000)
  to   space 11264K, 0% used [0x00000000e4080000,0x00000000e4080000,0x00000000e4b80000)
 ParOldGen       total 60416K, used 9488K [0x00000000a0000000, 0x00000000a3b00000, 0x00000000e0000000)
  object space 60416K, 15% used [0x00000000a0000000,0x00000000a09440c8,0x00000000a3b00000)
 Metaspace       used 29090K, capacity 29644K, committed 30080K, reserved 1075200K
  class space    used 3914K, capacity 4099K, committed 4224K, reserved 1048576K
Event: 9.898 GC heap after
Heap after GC invocations=8 (full 1):
 PSYoungGen      total 77312K, used 8091K [0x00000000e0000000, 0x00000000e5700000, 0x0000000100000000)
  eden space 66048K, 0% used [0x00000000e0000000,0x00000000e0000000,0x00000000e4080000)
  from space 11264K, 71% used [0x00000000e4080000,0x00000000e4866c40,0x00000000e4b80000)
  to   space 10752K, 0% used [0x00000000e4b80000,0x00000000e4b80000,0x00000000e5600000)
 ParOldGen       total 60416K, used 9496K [0x00000000a0000000, 0x00000000a3b00000, 0x00000000e0000000)
  object space 60416K, 15% used [0x00000000a0000000,0x00000000a09460c8,0x00000000a3b00000)
 Metaspace       used 29090K, capacity 29644K, committed 30080K, reserved 1075200K
  class space    used 3914K, capacity 4099K, committed 4224K, reserved 1048576K
}
Event: 11.485 GC heap before
{Heap before GC invocations=9 (full 1):
 PSYoungGen      total 77312K, used 74139K [0x00000000e0000000, 0x00000000e5700000, 0x0000000100000000)
  eden space 66048K, 100% used [0x00000000e0000000,0x00000000e4080000,0x00000000e4080000)
  from space 11264K, 71% used [0x00000000e4080000,0x00000000e4866c40,0x00000000e4b80000)
  to   space 10752K, 0% used [0x00000000e4b80000,0x00000000e4b80000,0x00000000e5600000)
 ParOldGen       total 60416K, used 9496K [0x00000000a0000000, 0x00000000a3b00000, 0x00000000e0000000)
  object space 60416K, 15% used [0x00000000a0000000,0x00000000a09460c8,0x00000000a3b00000)
 Metaspace       used 32179K, capacity 32740K, committed 33152K, reserved 1077248K
  class space    used 4414K, capacity 4619K, committed 4736K, reserved 1048576K

Deoptimization events (10 events):
Event: 8.781 Thread 0x000000001a009800 Uncommon trap: reason=class_check action=maybe_recompile pc=0x00000000033a5918 method=sun.misc.URLClassPath.getLoader(I)Lsun/misc/URLClassPath$Loader; @ 239
Event: 9.241 Thread 0x000000001a009800 Uncommon trap: reason=unstable_if action=reinterpret pc=0x0000000003230f20 method=java.util.HashMap.hash(Ljava/lang/Object;)I @ 1
Event: 9.367 Thread 0x000000001a009800 Uncommon trap: reason=unstable_if action=reinterpret pc=0x0000000002fe0e38 method=java.util.HashMap.getNode(ILjava/lang/Object;)Ljava/util/HashMap$Node; @ 53
Event: 9.367 Thread 0x000000001a009800 Uncommon trap: reason=unstable_if action=reinterpret pc=0x00000000031e5a54 method=java.util.HashMap.hash(Ljava/lang/Object;)I @ 1
Event: 9.448 Thread 0x000000001a009800 Uncommon trap: reason=unstable_if action=reinterpret pc=0x000000000302b0b0 method=java.util.LinkedHashMap.afterNodeInsertion(Z)V @ 1
Event: 9.835 Thread 0x000000001a009800 Uncommon trap: reason=class_check action=maybe_recompile pc=0x00000000033a5804 method=sun.misc.URLClassPath.getLoader(I)Lsun/misc/URLClassPath$Loader; @ 94
Event: 9.855 Thread 0x000000001a009800 Uncommon trap: reason=class_check action=maybe_recompile pc=0x00000000033a9238 method=sun.misc.URLClassPath.getLoader(I)Lsun/misc/URLClassPath$Loader; @ 239
Event: 9.899 Thread 0x00000000166a9000 Uncommon trap: reason=unstable_if action=reinterpret pc=0x000000000327affc method=java.lang.ref.Reference.tryHandlePending(Z)Z @ 104
Event: 10.063 Thread 0x000000001a009800 Uncommon trap: reason=unstable_if action=reinterpret pc=0x000000000300a54c method=java.io.WinNTFileSystem.resolve(Ljava/lang/String;Ljava/lang/String;)Ljava/lang/String; @ 49
Event: 11.257 Thread 0x000000001a009800 Uncommon trap: reason=unstable_if action=reinterpret pc=0x00000000035e1ca0 method=java.net.URI.match(CJJ)Z @ 45

Classes redefined (0 events):
No events

Internal exceptions (10 events):
Event: 10.169 Thread 0x000000001a009800 Exception <a 'java/lang/ClassNotFoundException': org/gradle/api/internal/DefaultDomainObjectCollectionCustomizer> (0x00000000e0eae7d8) thrown at [D:\src\AOSP-openjdk-cygwin\jdk8u\hotspot\src\share\vm\classfile\systemDictionary.cpp, line 210]
Event: 10.173 Thread 0x000000001a009800 Exception <a 'java/lang/ClassNotFoundException': org/gradle/api/internal/DefaultNamedDomainObjectCollectionCustomizer> (0x00000000e0f0c7b8) thrown at [D:\src\AOSP-openjdk-cygwin\jdk8u\hotspot\src\share\vm\classfile\systemDictionary.cpp, line 210]
Event: 10.186 Thread 0x000000001a009800 Exception <a 'java/lang/ClassNotFoundException': org/gradle/api/internal/DefaultNamedDomainObjectListCustomizer> (0x00000000e0f7ffe8) thrown at [D:\src\AOSP-openjdk-cygwin\jdk8u\hotspot\src\share\vm\classfile\systemDictionary.cpp, line 210]
Event: 10.190 Thread 0x000000001a009800 Exception <a 'java/lang/ClassNotFoundException': org/gradle/api/internal/artifacts/DefaultArtifactRepositoryContainerCustomizer> (0x00000000e0ff5858) thrown at [D:\src\AOSP-openjdk-cygwin\jdk8u\hotspot\src\share\vm\classfile\systemDictionary.cpp, line 210
Event: 10.194 Thread 0x000000001a009800 Exception <a 'java/lang/ClassNotFoundException': org/gradle/api/internal/artifacts/dsl/DefaultRepositoryHandlerCustomizer> (0x00000000e105b438) thrown at [D:\src\AOSP-openjdk-cygwin\jdk8u\hotspot\src\share\vm\classfile\systemDictionary.cpp, line 210]
Event: 10.198 Thread 0x000000001a009800 Exception <a 'java/lang/ClassNotFoundException': org/gradle/api/internal/artifacts/dsl/DefaultRepositoryHandler_DecoratedCustomizer> (0x00000000e10d7638) thrown at [D:\src\AOSP-openjdk-cygwin\jdk8u\hotspot\src\share\vm\classfile\systemDictionary.cpp, line
Event: 11.179 Thread 0x000000001a009800 Exception <a 'java/lang/ClassNotFoundException': org/gradle/api/internal/artifacts/dsl/dependencies/DefaultDependencyHandler_DecoratedBeanInfo> (0x00000000e35d1380) thrown at [D:\src\AOSP-openjdk-cygwin\jdk8u\hotspot\src\share\vm\classfile\systemDictionar
Event: 11.181 Thread 0x000000001a009800 Exception <a 'java/lang/ClassNotFoundException': org/gradle/api/internal/artifacts/dsl/dependencies/DefaultDependencyHandlerBeanInfo> (0x00000000e362a030) thrown at [D:\src\AOSP-openjdk-cygwin\jdk8u\hotspot\src\share\vm\classfile\systemDictionary.cpp, lin
Event: 11.184 Thread 0x000000001a009800 Exception <a 'java/lang/ClassNotFoundException': org/gradle/api/internal/artifacts/dsl/dependencies/DefaultDependencyHandlerCustomizer> (0x00000000e3683c30) thrown at [D:\src\AOSP-openjdk-cygwin\jdk8u\hotspot\src\share\vm\classfile\systemDictionary.cpp, l
Event: 11.196 Thread 0x000000001a009800 Exception <a 'java/lang/ClassNotFoundException': org/gradle/api/internal/artifacts/dsl/dependencies/DefaultDependencyHandler_DecoratedCustomizer> (0x00000000e37134b0) thrown at [D:\src\AOSP-openjdk-cygwin\jdk8u\hotspot\src\share\vm\classfile\systemDiction

Events (10 events):
Event: 11.482 loading class org/gradle/api/internal/artifacts/ivyservice/ivyresolve/MetadataProvider done
Event: 11.483 loading class org/gradle/api/internal/artifacts/ComponentSelectionInternal
Event: 11.483 loading class org/gradle/api/internal/artifacts/ComponentSelectionInternal done
Event: 11.484 loading class org/gradle/api/artifacts/ComponentSelection
Event: 11.484 loading class org/gradle/api/artifacts/ComponentSelection done
Event: 11.484 loading class org/gradle/api/internal/artifacts/ivyservice/ivyresolve/ComponentSelectionRulesProcessor
Event: 11.484 loading class org/gradle/api/internal/artifacts/ivyservice/ivyresolve/ComponentSelectionRulesProcessor done
Event: 11.485 loading class org/gradle/api/internal/artifacts/ivyservice/ivyresolve/ComponentSelectionRulesProcessor$1
Event: 11.485 loading class org/gradle/api/internal/artifacts/ivyservice/ivyresolve/ComponentSelectionRulesProcessor$1 done
Event: 11.485 Executing VM operation: ParallelGCFailedAllocation


Dynamic libraries:
0x00007ff682e10000 - 0x00007ff682e41000 	C:\Program Files\Android\Android Studio\jre\bin\java.exe
0x00007ffda4da0000 - 0x00007ffda4f90000 	C:\WINDOWS\SYSTEM32\ntdll.dll
0x00007ffd7a5f0000 - 0x00007ffd7a605000 	C:\Program Files\AVG\Antivirus\aswhook.dll
0x00007ffda4110000 - 0x00007ffda41c2000 	C:\WINDOWS\System32\KERNEL32.DLL
0x00007ffda29d0000 - 0x00007ffda2c73000 	C:\WINDOWS\System32\KERNELBASE.dll
0x00007ffda2f90000 - 0x00007ffda3033000 	C:\WINDOWS\System32\ADVAPI32.dll
0x00007ffda3580000 - 0x00007ffda361e000 	C:\WINDOWS\System32\msvcrt.dll
0x00007ffda3db0000 - 0x00007ffda3e47000 	C:\WINDOWS\System32\sechost.dll
0x00007ffda3120000 - 0x00007ffda3240000 	C:\WINDOWS\System32\RPCRT4.dll
0x00007ffda3e50000 - 0x00007ffda3fe4000 	C:\WINDOWS\System32\USER32.dll
0x00007ffda2ca0000 - 0x00007ffda2cc1000 	C:\WINDOWS\System32\win32u.dll
0x00007ffda3240000 - 0x00007ffda3266000 	C:\WINDOWS\System32\GDI32.dll
0x00007ffda1f30000 - 0x00007ffda20c4000 	C:\WINDOWS\System32\gdi32full.dll
0x00007ffda1e90000 - 0x00007ffda1f2e000 	C:\WINDOWS\System32\msvcp_win.dll
0x00007ffda28d0000 - 0x00007ffda29ca000 	C:\WINDOWS\System32\ucrtbase.dll
0x00007ffd8dd70000 - 0x00007ffd8dff5000 	C:\WINDOWS\WinSxS\amd64_microsoft.windows.common-controls_6595b64144ccf1df_6.0.18362.778_none_e6c6b761130d4fb8\COMCTL32.dll
0x00007ffda41d0000 - 0x00007ffda4506000 	C:\WINDOWS\System32\combase.dll
0x00007ffda2850000 - 0x00007ffda28d0000 	C:\WINDOWS\System32\bcryptPrimitives.dll
0x00007ffda3040000 - 0x00007ffda306e000 	C:\WINDOWS\System32\IMM32.DLL
0x0000000055830000 - 0x0000000055902000 	C:\Program Files\Android\Android Studio\jre\jre\bin\msvcr100.dll
0x0000000054950000 - 0x0000000055196000 	C:\Program Files\Android\Android Studio\jre\jre\bin\server\jvm.dll
0x00007ffda32d0000 - 0x00007ffda32d8000 	C:\WINDOWS\System32\PSAPI.DLL
0x00007ffda08a0000 - 0x00007ffda08a9000 	C:\WINDOWS\SYSTEM32\WSOCK32.dll
0x00007ffda3a90000 - 0x00007ffda3aff000 	C:\WINDOWS\System32\WS2_32.dll
0x00007ffd98130000 - 0x00007ffd98154000 	C:\WINDOWS\SYSTEM32\WINMM.dll
0x00007ffd9bff0000 - 0x00007ffd9bffa000 	C:\WINDOWS\SYSTEM32\VERSION.dll
0x00007ffd98100000 - 0x00007ffd9812d000 	C:\WINDOWS\SYSTEM32\WINMMBASE.dll
0x00007ffda1e40000 - 0x00007ffda1e8a000 	C:\WINDOWS\System32\cfgmgr32.dll
0x00007ffd9cfb0000 - 0x00007ffd9cfbf000 	C:\Program Files\Android\Android Studio\jre\jre\bin\verify.dll
0x00007ffd9c100000 - 0x00007ffd9c129000 	C:\Program Files\Android\Android Studio\jre\jre\bin\java.dll
0x00007ffd9b9e0000 - 0x00007ffd9b9f6000 	C:\Program Files\Android\Android Studio\jre\jre\bin\zip.dll
0x00007ffda4530000 - 0x00007ffda4c15000 	C:\WINDOWS\System32\SHELL32.dll
0x00007ffda3070000 - 0x00007ffda3119000 	C:\WINDOWS\System32\shcore.dll
0x00007ffda20d0000 - 0x00007ffda2850000 	C:\WINDOWS\System32\windows.storage.dll
0x00007ffda1da0000 - 0x00007ffda1dc3000 	C:\WINDOWS\System32\profapi.dll
0x00007ffda1d50000 - 0x00007ffda1d9a000 	C:\WINDOWS\System32\powrprof.dll
0x00007ffda1d40000 - 0x00007ffda1d50000 	C:\WINDOWS\System32\UMPDC.dll
0x00007ffda2f30000 - 0x00007ffda2f82000 	C:\WINDOWS\System32\shlwapi.dll
0x00007ffda1dd0000 - 0x00007ffda1de1000 	C:\WINDOWS\System32\kernel.appcore.dll
0x00007ffda2c80000 - 0x00007ffda2c97000 	C:\WINDOWS\System32\cryptsp.dll
0x00007ffd97d70000 - 0x00007ffd97d8a000 	C:\Program Files\Android\Android Studio\jre\jre\bin\net.dll
0x00007ffd95b40000 - 0x00007ffd95d15000 	C:\WINDOWS\SYSTEM32\urlmon.dll
0x00007ffd95890000 - 0x00007ffd95b36000 	C:\WINDOWS\SYSTEM32\iertutil.dll
0x00007ffda1720000 - 0x00007ffda172c000 	C:\WINDOWS\SYSTEM32\CRYPTBASE.DLL
0x00007ffda1550000 - 0x00007ffda15b7000 	C:\WINDOWS\system32\mswsock.dll
0x00007ffd97cd0000 - 0x00007ffd97ce3000 	C:\Program Files\Android\Android Studio\jre\jre\bin\nio.dll
0x00007ffd9d210000 - 0x00007ffd9d236000 	C:\Users\krist\.gradle\native\30\windows-amd64\native-platform.dll
0x00007ffd99f80000 - 0x00007ffd99f8d000 	C:\Program Files\Android\Android Studio\jre\jre\bin\management.dll
0x00007ffda10c0000 - 0x00007ffda10f3000 	C:\WINDOWS\system32\rsaenh.dll
0x00007ffda1e10000 - 0x00007ffda1e36000 	C:\WINDOWS\System32\bcrypt.dll
0x00007ffda1c30000 - 0x00007ffda1c55000 	C:\WINDOWS\SYSTEM32\USERENV.dll
0x00007ffda1260000 - 0x00007ffda129a000 	C:\WINDOWS\SYSTEM32\IPHLPAPI.DLL
0x00007ffda32e0000 - 0x00007ffda32e8000 	C:\WINDOWS\System32\NSI.dll
0x00007ffd98b50000 - 0x00007ffd98b66000 	C:\WINDOWS\SYSTEM32\dhcpcsvc6.DLL
0x00007ffd98eb0000 - 0x00007ffd98ecc000 	C:\WINDOWS\SYSTEM32\dhcpcsvc.DLL
0x00007ffda12a0000 - 0x00007ffda136a000 	C:\WINDOWS\SYSTEM32\DNSAPI.dll

VM Arguments:
jvm_args: -Xmx1536m -Dfile.encoding=windows-1252 -Duser.country=US -Duser.language=en -Duser.variant 
java_command: org.gradle.launcher.daemon.bootstrap.GradleDaemon 5.6.4
java_class_path (initial): C:\Users\krist\.gradle\wrapper\dists\gradle-5.6.4-all\ankdp27end7byghfw1q2sw75f\gradle-5.6.4\lib\gradle-launcher-5.6.4.jar
Launcher Type: SUN_STANDARD

Environment Variables:
PATH=C:\Program Files (x86)\Lenovo\FusionEngine;C:\WINDOWS\system32;C:\WINDOWS;C:\WINDOWS\System32\Wbem;C:\WINDOWS\System32\WindowsPowerShell\v1.0\;C:\Program Files (x86)\Common Files\lenovo\easyplussdk\bin;C:\WINDOWS\System32\OpenSSH\;C:\Program Files\Git\cmd;C:\Users\krist\AppData\Local\Microsoft\WindowsApps;C:\Users\krist\AppData\Local\GitHubDesktop\bin;C:\Users\krist\AppData\Local\Programs\Microsoft VS Code\bin
USERNAME=krist
OS=Windows_NT
PROCESSOR_IDENTIFIER=Intel64 Family 6 Model 78 Stepping 3, GenuineIntel



---------------  S Y S T E M  ---------------

OS: Windows 10.0 , 64 bit Build 18362 (10.0.18362.778)

CPU:total 4 (initial active 4) (2 cores per cpu, 2 threads per core) family 6 model 78 stepping 3, cmov, cx8, fxsr, mmx, sse, sse2, sse3, ssse3, sse4.1, sse4.2, popcnt, avx, avx2, aes, clmul, erms, 3dnowpref, lzcnt, ht, tsc, tscinvbit, bmi1, bmi2, adx

Memory: 4k page, physical 8280512k(842016k free), swap 21105468k(4116k free)

vm_info: OpenJDK 64-Bit Server VM (25.212-b04) for windows-amd64 JRE (1.8.0_212-release-1586-b04), built by "builder" with MS VC++ 10.0 (VS2010)

time: Fri Apr 24 14:41:47 2020
timezone: Eastern Daylight Time
elapsed time: 11 seconds (0d 0h 0m 11s)

